nohup: ignoring input
WARNING:modules.s3_service:R2 credentials not fully configured. S3 operations will be disabled.
INFO:__main__:Starting Enhanced AI Presentation Generator API with S3 Integration...
INFO:__main__:API will be available at: http://localhost:5002
INFO:__main__:
Key Features:
INFO:__main__:- AI-powered presentation generation
INFO:__main__:- S3/R2 cloud storage integration
INFO:__main__:- JSON extraction for accurate web rendering
INFO:__main__:- PowerPoint and PDF export
INFO:__main__:- Slide editing and updates
INFO:__main__:- S3 Status: Not Available
INFO:__main__:
Main Endpoints:
INFO:__main__:POST /create_presentation - Create new presentation
INFO:__main__:GET /get_presentation_json/<id> - Get JSON for web rendering
INFO:__main__:PUT /update_slide - Update slide content
INFO:__main__:POST /export_ppt - Export as PowerPoint or PDF
INFO:__main__:DELETE /delete_presentation/<id> - Delete presentation
INFO:__main__:GET /health - Health check
 * Serving Flask app 'ppt_flask'
 * Debug mode: on
INFO:werkzeug:[31m[1mWARNING: This is a development server. Do not use it in a production deployment. Use a production WSGI server instead.[0m
 * Running on all addresses (0.0.0.0)
 * Running on http://127.0.0.1:5002
 * Running on http://192.168.29.39:5002
INFO:werkzeug:[33mPress CTRL+C to quit[0m
INFO:werkzeug: * Restarting with stat
INFO:modules.s3_service:S3 client initialized successfully for bucket: coxist-files
INFO:__main__:Starting Enhanced AI Presentation Generator API with S3 Integration...
INFO:__main__:API will be available at: http://localhost:5002
INFO:__main__:
Key Features:
INFO:__main__:- AI-powered presentation generation
INFO:__main__:- S3/R2 cloud storage integration
INFO:__main__:- JSON extraction for accurate web rendering
INFO:__main__:- PowerPoint and PDF export
INFO:__main__:- Slide editing and updates
INFO:__main__:- S3 Status: Available
INFO:__main__:
Main Endpoints:
INFO:__main__:POST /create_presentation - Create new presentation
INFO:__main__:GET /get_presentation_json/<id> - Get JSON for web rendering
INFO:__main__:PUT /update_slide - Update slide content
INFO:__main__:POST /export_ppt - Export as PowerPoint or PDF
INFO:__main__:DELETE /delete_presentation/<id> - Delete presentation
INFO:__main__:GET /health - Health check
WARNING:werkzeug: * Debugger is active!
INFO:werkzeug: * Debugger PIN: 127-880-551
INFO:werkzeug:127.0.0.1 - - [29/Jul/2025 04:40:08] "GET /health HTTP/1.1" 200 -
INFO:werkzeug:127.0.0.1 - - [29/Jul/2025 04:40:08] "[33mPOST /slide_operations HTTP/1.1[0m" 404 -
INFO:werkzeug:127.0.0.1 - - [29/Jul/2025 04:40:08] "[33mPOST /slide_operations HTTP/1.1[0m" 404 -
INFO:werkzeug:127.0.0.1 - - [29/Jul/2025 04:40:08] "[33mPOST /slide_operations HTTP/1.1[0m" 404 -
INFO:werkzeug:127.0.0.1 - - [29/Jul/2025 04:40:08] "[31m[1mPOST /slide_operations HTTP/1.1[0m" 400 -
INFO:werkzeug: * Detected change in '/home/aniketh/Projects/Startup Projects/The CoXist Project/coxistai-ppt-maker/gunicorn.conf.py', reloading
INFO:werkzeug: * Restarting with stat
INFO:modules.s3_service:S3 client initialized successfully for bucket: coxist-files
INFO:__main__:Starting Enhanced AI Presentation Generator API with S3 Integration...
INFO:__main__:API will be available at: http://localhost:5002
INFO:__main__:
Key Features:
INFO:__main__:- AI-powered presentation generation
INFO:__main__:- S3/R2 cloud storage integration
INFO:__main__:- JSON extraction for accurate web rendering
INFO:__main__:- PowerPoint and PDF export
INFO:__main__:- Slide editing and updates
INFO:__main__:- S3 Status: Available
INFO:__main__:
Main Endpoints:
INFO:__main__:POST /create_presentation - Create new presentation
INFO:__main__:GET /get_presentation_json/<id> - Get JSON for web rendering
INFO:__main__:PUT /update_slide - Update slide content
INFO:__main__:POST /export_ppt - Export as PowerPoint or PDF
INFO:__main__:DELETE /delete_presentation/<id> - Delete presentation
INFO:__main__:GET /health - Health check
WARNING:werkzeug: * Debugger is active!
INFO:werkzeug: * Debugger PIN: 127-880-551
